Running tests and benchmarks for BSHD style FA3
=========================================================
case causal=False: ok (B=16, S=512, QH=32, KVH=8, D=128)
case causal=True: ok (B=16, S=512, QH=32, KVH=8, D=128)
case causal=False: ok (B=16, S=1024, QH=32, KVH=8, D=128)
case causal=True: ok (B=16, S=1024, QH=32, KVH=8, D=128)
case causal=False: ok (B=16, S=2048, QH=32, KVH=8, D=128)
case causal=True: ok (B=16, S=2048, QH=32, KVH=8, D=128)
case causal=False: ok (B=16, S=4096, QH=32, KVH=8, D=128)
case causal=True: ok (B=16, S=4096, QH=32, KVH=8, D=128)
case causal=False: skipped due to OOM (B=16, S=8192, QH=32, KVH=8, D=128) [CUDA out of memory. Tried to allocate 128.00 GiB. GPU 0 has a total capacity of 139.80 GiB of which 117.60 GiB is free. Including non-PyTorch memory, this process has 22.19 GiB memory in use. Of the allocated memory 15.53 GiB is allocated by PyTorch, and 6.00 GiB is reserved by PyTorch but unallocated. If reserved but unallocated memory is large try setting PYTORCH_CUDA_ALLOC_CONF=expandable_segments:True to avoid fragmentation.  See documentation for Memory Management  (https://docs.pytorch.org/docs/stable/notes/cuda.html#optimizing-memory-usage-with-pytorch-cuda-alloc-conf)]
case causal=True: skipped due to OOM (B=16, S=8192, QH=32, KVH=8, D=128) [CUDA out of memory. Tried to allocate 128.00 GiB. GPU 0 has a total capacity of 139.80 GiB of which 123.35 GiB is free. Including non-PyTorch memory, this process has 16.44 GiB memory in use. Of the allocated memory 15.78 GiB is allocated by PyTorch, and 0 bytes is reserved by PyTorch but unallocated. If reserved but unallocated memory is large try setting PYTORCH_CUDA_ALLOC_CONF=expandable_segments:True to avoid fragmentation.  See documentation for Memory Management  (https://docs.pytorch.org/docs/stable/notes/cuda.html#optimizing-memory-usage-with-pytorch-cuda-alloc-conf)]
Loaded min_fa3_op (minimal Hopper demo)
Loaded flash_attn (FA2)
Loaded flash_attn_interface (FA3)
Config: B=16, qhead=32, kvhead=8, D=128, mode=both, num_iters=50, warmup_iters=10
Seqlen: 512,1024,2048,4096,8192
Running B=16,S=512,QH=32,KVH=8,D=128,causal=False
Running B=16,S=1024,QH=32,KVH=8,D=128,causal=False
Running B=16,S=2048,QH=32,KVH=8,D=128,causal=False
Running B=16,S=4096,QH=32,KVH=8,D=128,causal=False
Running B=16,S=8192,QH=32,KVH=8,D=128,causal=False
Running B=16,S=512,QH=32,KVH=8,D=128,causal=True
Running B=16,S=1024,QH=32,KVH=8,D=128,causal=True
Running B=16,S=2048,QH=32,KVH=8,D=128,causal=True
Running B=16,S=4096,QH=32,KVH=8,D=128,causal=True
Running B=16,S=8192,QH=32,KVH=8,D=128,causal=True

====================================================================================================
Benchmark Results
====================================================================================================
B=16,S=512,QH=32,KVH=8,D=128,causal=False
Method              Time (ms)       TFLOPS
PyTorch_SDPA            0.226        303.8
FA2                     0.214        321.3
FA3                     0.126        545.9
min_fa3_demo            0.124        552.5
----------------------------------------------------------------------------------------------------
B=16,S=1024,QH=32,KVH=8,D=128,causal=False
Method              Time (ms)       TFLOPS
PyTorch_SDPA            0.821        334.8
FA2                     0.770        356.8
FA3                     0.415        662.0
min_fa3_demo            0.409        671.4
----------------------------------------------------------------------------------------------------
B=16,S=2048,QH=32,KVH=8,D=128,causal=False
Method              Time (ms)       TFLOPS
PyTorch_SDPA            3.178        346.0
FA2                     2.971        370.1
FA3                     1.532        717.8
min_fa3_demo            1.700        646.9
----------------------------------------------------------------------------------------------------
B=16,S=4096,QH=32,KVH=8,D=128,causal=False
Method              Time (ms)       TFLOPS
PyTorch_SDPA           12.486        352.2
FA2                    11.867        370.6
FA3                     6.702        656.3
min_fa3_demo            6.891        638.2
----------------------------------------------------------------------------------------------------
B=16,S=8192,QH=32,KVH=8,D=128,causal=False
Method              Time (ms)       TFLOPS
PyTorch_SDPA           49.453        355.7
FA2                    46.643        377.2
FA3                    25.955        677.8
min_fa3_demo           26.039        675.6
----------------------------------------------------------------------------------------------------
B=16,S=512,QH=32,KVH=8,D=128,causal=True
Method              Time (ms)       TFLOPS
PyTorch_SDPA            0.236        145.5
FA2                     0.186        185.0
FA3                     0.105        328.6
min_fa3_demo            0.098        351.1
----------------------------------------------------------------------------------------------------
B=16,S=1024,QH=32,KVH=8,D=128,causal=True
Method              Time (ms)       TFLOPS
PyTorch_SDPA            0.537        256.1
FA2                     0.484        284.2
FA3                     0.256        537.0
min_fa3_demo            0.270        509.6
----------------------------------------------------------------------------------------------------
B=16,S=2048,QH=32,KVH=8,D=128,causal=True
Method              Time (ms)       TFLOPS
PyTorch_SDPA            1.814        303.1
FA2                     1.685        326.2
FA3                     0.915        600.9
min_fa3_demo            0.997        551.2
----------------------------------------------------------------------------------------------------
B=16,S=4096,QH=32,KVH=8,D=128,causal=True
Method              Time (ms)       TFLOPS
PyTorch_SDPA            6.680        329.2
FA2                     6.362        345.6
FA3                     3.704        593.7
min_fa3_demo            3.661        600.6
----------------------------------------------------------------------------------------------------
B=16,S=8192,QH=32,KVH=8,D=128,causal=True
Method              Time (ms)       TFLOPS
PyTorch_SDPA           25.791        341.1
FA2                    24.257        362.6
FA3                    13.878        633.8
min_fa3_demo           13.845        635.3
----------------------------------------------------------------------------------------------------
case causal=False: ok (B=16, S=512, QH=32, KVH=32, D=128)
case causal=True: ok (B=16, S=512, QH=32, KVH=32, D=128)
case causal=False: ok (B=16, S=1024, QH=32, KVH=32, D=128)
case causal=True: ok (B=16, S=1024, QH=32, KVH=32, D=128)
case causal=False: ok (B=16, S=2048, QH=32, KVH=32, D=128)
case causal=True: ok (B=16, S=2048, QH=32, KVH=32, D=128)
case causal=False: ok (B=16, S=4096, QH=32, KVH=32, D=128)
case causal=True: ok (B=16, S=4096, QH=32, KVH=32, D=128)
case causal=False: ok (B=16, S=8192, QH=32, KVH=32, D=128)
case causal=True: ok (B=16, S=8192, QH=32, KVH=32, D=128)
Loaded min_fa3_op (minimal Hopper demo)
Loaded flash_attn (FA2)
Loaded flash_attn_interface (FA3)
Config: B=16, qhead=32, kvhead=32, D=128, mode=both, num_iters=50, warmup_iters=10
Seqlen: 512,1024,2048,4096,8192
Running B=16,S=512,QH=32,KVH=32,D=128,causal=False
Running B=16,S=1024,QH=32,KVH=32,D=128,causal=False
Running B=16,S=2048,QH=32,KVH=32,D=128,causal=False
Running B=16,S=4096,QH=32,KVH=32,D=128,causal=False
Running B=16,S=8192,QH=32,KVH=32,D=128,causal=False
Running B=16,S=512,QH=32,KVH=32,D=128,causal=True
Running B=16,S=1024,QH=32,KVH=32,D=128,causal=True
Running B=16,S=2048,QH=32,KVH=32,D=128,causal=True
Running B=16,S=4096,QH=32,KVH=32,D=128,causal=True
Running B=16,S=8192,QH=32,KVH=32,D=128,causal=True

====================================================================================================
Benchmark Results
====================================================================================================
B=16,S=512,QH=32,KVH=32,D=128,causal=False
Method              Time (ms)       TFLOPS
PyTorch_SDPA            0.227        302.6
FA2                     0.216        317.7
FA3                     0.130        530.2
min_fa3_demo            0.126        545.3
----------------------------------------------------------------------------------------------------
B=16,S=1024,QH=32,KVH=32,D=128,causal=False
Method              Time (ms)       TFLOPS
PyTorch_SDPA            0.819        335.7
FA2                     0.776        354.3
FA3                     0.432        635.6
min_fa3_demo            0.461        596.1
----------------------------------------------------------------------------------------------------
B=16,S=2048,QH=32,KVH=32,D=128,causal=False
Method              Time (ms)       TFLOPS
PyTorch_SDPA            3.229        340.5
FA2                     2.997        366.9
FA3                     1.744        630.4
min_fa3_demo            1.705        645.0
----------------------------------------------------------------------------------------------------
B=16,S=4096,QH=32,KVH=32,D=128,causal=False
Method              Time (ms)       TFLOPS
PyTorch_SDPA           12.597        349.1
FA2                    11.971        367.4
FA3                     6.762        650.4
min_fa3_demo            6.903        637.1
----------------------------------------------------------------------------------------------------
B=16,S=8192,QH=32,KVH=32,D=128,causal=False
Method              Time (ms)       TFLOPS
PyTorch_SDPA           49.873        352.7
FA2                    46.669        377.0
FA3                    26.029        675.9
min_fa3_demo           26.315        668.5
----------------------------------------------------------------------------------------------------
B=16,S=512,QH=32,KVH=32,D=128,causal=True
Method              Time (ms)       TFLOPS
PyTorch_SDPA            0.226        152.0
FA2                     0.185        185.6
FA3                     0.108        317.5
min_fa3_demo            0.108        318.3
----------------------------------------------------------------------------------------------------
B=16,S=1024,QH=32,KVH=32,D=128,causal=True
Method              Time (ms)       TFLOPS
PyTorch_SDPA            0.530        259.4
FA2                     0.488        281.5
FA3                     0.267        514.6
min_fa3_demo            0.283        486.2
----------------------------------------------------------------------------------------------------
B=16,S=2048,QH=32,KVH=32,D=128,causal=True
Method              Time (ms)       TFLOPS
PyTorch_SDPA            1.849        297.3
FA2                     1.717        320.1
FA3                     0.942        583.6
min_fa3_demo            1.034        531.6
----------------------------------------------------------------------------------------------------
B=16,S=4096,QH=32,KVH=32,D=128,causal=True
Method              Time (ms)       TFLOPS
PyTorch_SDPA            6.738        326.3
FA2                     6.336        347.1
FA3                     3.877        567.2
min_fa3_demo            3.728        589.9
----------------------------------------------------------------------------------------------------
B=16,S=8192,QH=32,KVH=32,D=128,causal=True
Method              Time (ms)       TFLOPS
PyTorch_SDPA           25.826        340.6
FA2                    24.282        362.2
FA3                    13.909        632.4
min_fa3_demo           13.986        628.9
----------------------------------------------------------------------------------------------------
=========================================================
Running tests and benchmarks for variable-length FA3
=========================================================
varlen case causal=False: ok (B=16, S=512, QH=32, KVH=8, D=128)
varlen case causal=True: ok (B=16, S=512, QH=32, KVH=8, D=128)
varlen case causal=False: ok (B=16, S=1024, QH=32, KVH=8, D=128)
varlen case causal=True: ok (B=16, S=1024, QH=32, KVH=8, D=128)
varlen case causal=False: ok (B=16, S=2048, QH=32, KVH=8, D=128)
varlen case causal=True: ok (B=16, S=2048, QH=32, KVH=8, D=128)
varlen case causal=False: ok (B=16, S=4096, QH=32, KVH=8, D=128)
varlen case causal=True: ok (B=16, S=4096, QH=32, KVH=8, D=128)
varlen case causal=False: ok (B=16, S=8192, QH=32, KVH=8, D=128)
varlen case causal=True: ok (B=16, S=8192, QH=32, KVH=8, D=128)
Loaded min_fa3_op (minimal Hopper demo)
Loaded flash_attn varlen (FA2)
Loaded flash_attn_interface varlen (FA3)
Config: B=16, qhead=32, kvhead=8, D=128, mode=both, num_iters=50, warmup_iters=10
Seqlen: 512,1024,2048,4096,8192
Running B=16,S=512,QH=32,KVH=8,D=128,causal=False
Running B=16,S=1024,QH=32,KVH=8,D=128,causal=False
Running B=16,S=2048,QH=32,KVH=8,D=128,causal=False
Running B=16,S=4096,QH=32,KVH=8,D=128,causal=False
Running B=16,S=8192,QH=32,KVH=8,D=128,causal=False
Running B=16,S=512,QH=32,KVH=8,D=128,causal=True
Running B=16,S=1024,QH=32,KVH=8,D=128,causal=True
Running B=16,S=2048,QH=32,KVH=8,D=128,causal=True
Running B=16,S=4096,QH=32,KVH=8,D=128,causal=True
Running B=16,S=8192,QH=32,KVH=8,D=128,causal=True

====================================================================================================
Varlen Benchmark Results
====================================================================================================
B=16,S=512,QH=32,KVH=8,D=128,causal=False
Method                Time (ms)       TFLOPS
PyTorch_SDPA              0.225        306.0
FA2_varlen                0.208        330.2
FA3_varlen                0.169        406.0
min_fa3_varlen            0.206        333.2
----------------------------------------------------------------------------------------------------
B=16,S=1024,QH=32,KVH=8,D=128,causal=False
Method                Time (ms)       TFLOPS
PyTorch_SDPA              0.812        338.4
FA2_varlen                0.762        360.8
FA3_varlen                0.518        530.5
min_fa3_varlen            0.545        504.3
----------------------------------------------------------------------------------------------------
B=16,S=2048,QH=32,KVH=8,D=128,causal=False
Method                Time (ms)       TFLOPS
PyTorch_SDPA              3.204        343.2
FA2_varlen                2.947        373.1
FA3_varlen                1.943        565.8
min_fa3_varlen            1.861        590.9
----------------------------------------------------------------------------------------------------
B=16,S=4096,QH=32,KVH=8,D=128,causal=False
Method                Time (ms)       TFLOPS
PyTorch_SDPA             12.597        349.1
FA2_varlen               11.776        373.5
FA3_varlen                7.330        600.0
min_fa3_varlen            7.225        608.8
----------------------------------------------------------------------------------------------------
B=16,S=8192,QH=32,KVH=8,D=128,causal=False
Method                Time (ms)       TFLOPS
PyTorch_SDPA             49.779        353.4
FA2_varlen               46.086        381.7
FA3_varlen               28.112        625.8
min_fa3_varlen           27.240        645.8
----------------------------------------------------------------------------------------------------
B=16,S=512,QH=32,KVH=8,D=128,causal=True
Method                Time (ms)       TFLOPS
PyTorch_SDPA              0.237        145.2
FA2_varlen                0.220        155.9
FA3_varlen                0.130        264.9
min_fa3_varlen            0.166        206.4
----------------------------------------------------------------------------------------------------
B=16,S=1024,QH=32,KVH=8,D=128,causal=True
Method                Time (ms)       TFLOPS
PyTorch_SDPA              0.528        260.3
FA2_varlen                0.509        270.3
FA3_varlen                0.316        434.3
min_fa3_varlen            0.350        392.8
----------------------------------------------------------------------------------------------------
B=16,S=2048,QH=32,KVH=8,D=128,causal=True
Method                Time (ms)       TFLOPS
PyTorch_SDPA              1.790        307.2
FA2_varlen                1.711        321.3
FA3_varlen                1.038        529.7
min_fa3_varlen            1.086        506.4
----------------------------------------------------------------------------------------------------
B=16,S=4096,QH=32,KVH=8,D=128,causal=True
Method                Time (ms)       TFLOPS
PyTorch_SDPA              6.737        326.4
FA2_varlen                6.373        345.0
FA3_varlen                3.910        562.4
min_fa3_varlen            3.750        586.3
----------------------------------------------------------------------------------------------------
B=16,S=8192,QH=32,KVH=8,D=128,causal=True
Method                Time (ms)       TFLOPS
PyTorch_SDPA             25.897        339.7
FA2_varlen               24.177        363.8
FA3_varlen               14.226        618.3
min_fa3_varlen           14.292        615.5
----------------------------------------------------------------------------------------------------
varlen case causal=False: ok (B=16, S=512, QH=32, KVH=32, D=128)
varlen case causal=True: ok (B=16, S=512, QH=32, KVH=32, D=128)
varlen case causal=False: ok (B=16, S=1024, QH=32, KVH=32, D=128)
varlen case causal=True: ok (B=16, S=1024, QH=32, KVH=32, D=128)
varlen case causal=False: ok (B=16, S=2048, QH=32, KVH=32, D=128)
varlen case causal=True: ok (B=16, S=2048, QH=32, KVH=32, D=128)
varlen case causal=False: ok (B=16, S=4096, QH=32, KVH=32, D=128)
varlen case causal=True: ok (B=16, S=4096, QH=32, KVH=32, D=128)
varlen case causal=False: ok (B=16, S=8192, QH=32, KVH=32, D=128)
varlen case causal=True: ok (B=16, S=8192, QH=32, KVH=32, D=128)
Loaded min_fa3_op (minimal Hopper demo)
Loaded flash_attn varlen (FA2)
Loaded flash_attn_interface varlen (FA3)
Config: B=16, qhead=32, kvhead=32, D=128, mode=both, num_iters=50, warmup_iters=10
Seqlen: 512,1024,2048,4096,8192
Running B=16,S=512,QH=32,KVH=32,D=128,causal=False
Running B=16,S=1024,QH=32,KVH=32,D=128,causal=False
Running B=16,S=2048,QH=32,KVH=32,D=128,causal=False
Running B=16,S=4096,QH=32,KVH=32,D=128,causal=False
Running B=16,S=8192,QH=32,KVH=32,D=128,causal=False
Running B=16,S=512,QH=32,KVH=32,D=128,causal=True
Running B=16,S=1024,QH=32,KVH=32,D=128,causal=True
Running B=16,S=2048,QH=32,KVH=32,D=128,causal=True
Running B=16,S=4096,QH=32,KVH=32,D=128,causal=True
Running B=16,S=8192,QH=32,KVH=32,D=128,causal=True

====================================================================================================
Varlen Benchmark Results
====================================================================================================
B=16,S=512,QH=32,KVH=32,D=128,causal=False
Method                Time (ms)       TFLOPS
PyTorch_SDPA              0.227        303.3
FA2_varlen                0.210        327.3
FA3_varlen                0.151        456.5
min_fa3_varlen            0.205        335.8
----------------------------------------------------------------------------------------------------
B=16,S=1024,QH=32,KVH=32,D=128,causal=False
Method                Time (ms)       TFLOPS
PyTorch_SDPA              0.840        327.0
FA2_varlen                0.789        348.4
FA3_varlen                0.487        564.5
min_fa3_varlen            0.567        485.1
----------------------------------------------------------------------------------------------------
B=16,S=2048,QH=32,KVH=32,D=128,causal=False
Method                Time (ms)       TFLOPS
PyTorch_SDPA              3.204        343.2
FA2_varlen                2.949        372.9
FA3_varlen                1.883        583.9
min_fa3_varlen            1.884        583.6
----------------------------------------------------------------------------------------------------
B=16,S=4096,QH=32,KVH=32,D=128,causal=False
Method                Time (ms)       TFLOPS
PyTorch_SDPA             12.662        347.3
FA2_varlen               11.777        373.5
FA3_varlen                7.173        613.1
min_fa3_varlen            7.294        603.0
----------------------------------------------------------------------------------------------------
B=16,S=8192,QH=32,KVH=32,D=128,causal=False
Method                Time (ms)       TFLOPS
PyTorch_SDPA             49.803        353.2
FA2_varlen               46.085        381.7
FA3_varlen               27.494        639.8
min_fa3_varlen           27.532        639.0
----------------------------------------------------------------------------------------------------
B=16,S=512,QH=32,KVH=32,D=128,causal=True
Method                Time (ms)       TFLOPS
PyTorch_SDPA              0.237        145.0
FA2_varlen                0.221        155.2
FA3_varlen                0.119        289.9
min_fa3_varlen            0.169        203.6
----------------------------------------------------------------------------------------------------
B=16,S=1024,QH=32,KVH=32,D=128,causal=True
Method                Time (ms)       TFLOPS
PyTorch_SDPA              0.554        247.9
FA2_varlen                0.516        266.5
FA3_varlen                0.297        462.9
min_fa3_varlen            0.353        389.1
----------------------------------------------------------------------------------------------------
B=16,S=2048,QH=32,KVH=32,D=128,causal=True
Method                Time (ms)       TFLOPS
PyTorch_SDPA              1.852        296.9
FA2_varlen                1.735        316.9
FA3_varlen                1.017        540.6
min_fa3_varlen            1.163        472.7
----------------------------------------------------------------------------------------------------
B=16,S=4096,QH=32,KVH=32,D=128,causal=True
Method                Time (ms)       TFLOPS
PyTorch_SDPA              6.749        325.8
FA2_varlen                6.375        344.9
FA3_varlen                3.954        556.2
min_fa3_varlen            3.888        565.6
----------------------------------------------------------------------------------------------------
B=16,S=8192,QH=32,KVH=32,D=128,causal=True
Method                Time (ms)       TFLOPS
PyTorch_SDPA             26.007        338.2
FA2_varlen               24.211        363.3
FA3_varlen               14.502        606.5
min_fa3_varlen           14.541        604.9
----------------------------------------------------------------------------------------------------
=========================================================
